[debug] [2024-01-24T05:22:27.297Z] ----------------------------------------------------------------------
[debug] [2024-01-24T05:22:27.299Z] Command:       /usr/local/bin/node /usr/local/bin/firebase init
[debug] [2024-01-24T05:22:27.299Z] CLI Version:   11.17.0
[debug] [2024-01-24T05:22:27.299Z] Platform:      darwin
[debug] [2024-01-24T05:22:27.299Z] Node Version:  v21.6.0
[debug] [2024-01-24T05:22:27.300Z] Time:          Tue Jan 23 2024 22:22:27 GMT-0700 (Mountain Standard Time)
[debug] [2024-01-24T05:22:27.300Z] ----------------------------------------------------------------------
[debug] 
[debug] [2024-01-24T05:22:27.302Z] > command requires scopes: ["email","openid","https://www.googleapis.com/auth/cloudplatformprojects.readonly","https://www.googleapis.com/auth/firebase","https://www.googleapis.com/auth/cloud-platform"]
[debug] [2024-01-24T05:22:27.303Z] > authorizing via signed-in user (adrianf.webdev@gmail.com)
[info] 
     ######## #### ########  ######## ########     ###     ######  ########
     ##        ##  ##     ## ##       ##     ##  ##   ##  ##       ##
     ######    ##  ########  ######   ########  #########  ######  ######
     ##        ##  ##    ##  ##       ##     ## ##     ##       ## ##
     ##       #### ##     ## ######## ########  ##     ##  ######  ########

You're about to initialize a Firebase project in this directory:

  /Users/adrianfregoso/Desktop/VSCode_Projects/my-dashboard

[info] 
=== Project Setup
[info] 
[info] First, let's associate this project directory with a Firebase project.
[info] You can create multiple project aliases by running firebase use --add, 
[info] but for now we'll just set up a default project.
[info] 
[debug] [2024-01-24T05:22:31.792Z] >>> [apiv2][query] GET https://firebase.googleapis.com/v1beta1/projects pageSize=100
[debug] [2024-01-24T05:22:32.105Z] <<< [apiv2][status] GET https://firebase.googleapis.com/v1beta1/projects 200
[debug] [2024-01-24T05:22:32.106Z] <<< [apiv2][body] GET https://firebase.googleapis.com/v1beta1/projects [omitted]
[info] i  Using project dash-ec549 (Dash) 
[info] 
=== Hosting Setup
[info] 
[info] Your public directory is the folder (relative to your project directory) that
[info] will contain Hosting assets to be uploaded with firebase deploy. If you
[info] have a build process for your assets, use your build's output directory.
[info] 
